Notify: Found jdk version: 1.8.0.	[MsgId: MMSG-22986]
Notify: classpath=C:\Users\екатерина и анатолий\Desktop\LrProject;c:\program files (x86)\hp\loadrunner\classes\srv;c:\program files (x86)\hp\loadrunner\classes;;;C:\Users\екатерина и анатолий\Desktop\LrProject\Q-expert-1.0-SNAPSHOT-jar-with-dependencies.jar;;c:\program files (x86)\hp\loadrunner\lib\xstream-1.4.8.jar;c:\program files (x86)\hp\loadrunner\lib\xpp3-1.1.4c.jar	[MsgId: MMSG-22986]
Notify: Path=C:\Program Files (x86)\Java\jdk1.8.0_131\jre\bin\client;C:\Program Files (x86)\Java\jdk1.8.0_131\bin;C:\PROGRA~2\HP\LOADRU~1\bin;C:\ProgramData\Oracle\Java\javapath;C:\windows\system32;C:\windows;C:\windows\System32\Wbem;C:\windows\System32\WindowsPowerShell\v1.0\;C:\Program Files (x86)\Skype\Phone\;C:\Program Files (x86)\HP\LoadRunner\strawberry-perl\perl\bin;C:\Program Files\Git\cmd;C:\Users\екатерина и анатолий\AppData\Local\Microsoft\WindowsApps;	[MsgId: MMSG-22986]
Notify: VM Params: .	[MsgId: MMSG-22986]
Start auto log messages stack - Iteration 1.	[MsgId: MMSG-10545]
Start auto log messages stack - Iteration 1.	[MsgId: MMSG-10545]
System.err: 	at java.lang.reflect.Method.invoke(Method.java:498)                                                                                                                                                      Error	[MsgId: MMSG-17999]
Starting action Actions.	[MsgId: MMSG-15919]
System.err: 	at com.hpe.lr.java.replay.ScriptContainer.invoke(ScriptContainer.java:68)                                                                                                                                                      Error	[MsgId: MMSG-17999]
Error: System.err: java.lang.IndexOutOfBoundsException: Index: 74, Size: 66                                                                                                                                                      Error	[MsgId: MERR-17999]
System.err: 	at com.hpe.lr.java.replay.ScriptContainer.action(ScriptContainer.java:59)                                                                                                                                                      Error	[MsgId: MMSG-17999]
End auto log messages stack.	[MsgId: MMSG-10544]


Error: java.lang.AssertionError: СтрокаFailНе содержит ass expected [true] but found [false]	[MsgId: MERR-17999]
Error: 	at org.testng.Assert.fail(Assert.java:93)
	at org.testng.Assert.failNotEquals(Assert.java:512)
	at org.testng.Assert.assertTrue(Assert.java:41)
	at GetTest.getTest(GetTest.java:21)
	at Actions.action(Actions.java:15)
	at sun.reflect.NativeMethodAccessorImpl.invoke0(Native Method)
	at sun.reflect.NativeMethodAccessorImpl.invoke(NativeMethodAccessorImpl.java:62)
	at sun.reflect.DelegatingMethodAccessorImpl.invoke(DelegatingMethodAccessorImpl.java:43)
	at java.lang.reflect.Method.invoke(Method.java:498)
	at com.hpe.lr.java.replay.ScriptContainer.invoke(ScriptContainer.java:68)
	at com.hpe.lr.java.replay.ScriptContainer.action(ScriptContainer.java:59)
	[MsgId: MERR-17999]
Start auto log messages stack - Iteration 1.	[MsgId: MMSG-10545]
System.err: 	at java.lang.reflect.Method.invoke(Method.java:498)                                                                                                                                                      Error	[MsgId: MMSG-17999]
End auto log messages stack.	[MsgId: MMSG-10544]


Start auto log messages stack - Iteration 1.	[MsgId: MMSG-10545]
System.err: 	at com.hpe.lr.java.replay.ScriptContainer.invoke(ScriptContainer.java:68)                                                                                                                                                      Error	[MsgId: MMSG-17999]
System.err: 	at com.hpe.lr.java.replay.ScriptContainer.action(ScriptContainer.java:59)                                                                                                                                                      Error	[MsgId: MMSG-17999]
Error: java.lang.IndexOutOfBoundsException: Index: 74, Size: 66	[MsgId: MERR-17999]
Error: 	at java.util.ArrayList.rangeCheck(ArrayList.java:653)
	at java.util.ArrayList.get(ArrayList.java:429)
	at Singleton.get(Singleton.java:34)
	at GetTest.getTest(GetTest.java:20)
	at Actions.action(Actions.java:15)
	at sun.reflect.NativeMethodAccessorImpl.invoke0(Native Method)
	at sun.reflect.NativeMethodAccessorImpl.invoke(NativeMethodAccessorImpl.java:62)
	at sun.reflect.DelegatingMethodAccessorImpl.invoke(DelegatingMethodAccessorImpl.java:43)
	at java.lang.reflect.Method.invoke(Method.java:498)
	at com.hpe.lr.java.replay.ScriptContainer.invoke(ScriptContainer.java:68)
	at com.hpe.lr.java.replay.ScriptContainer.action(ScriptContainer.java:59)
	[MsgId: MERR-17999]
End auto log messages stack.	[MsgId: MMSG-10544]


Start auto log messages stack - Iteration 1.	[MsgId: MMSG-10545]
System.err: 	at java.lang.reflect.Method.invoke(Method.java:498)                                                                                                                                                      Error	[MsgId: MMSG-17999]
System.err: 	at com.hpe.lr.java.replay.ScriptContainer.invoke(ScriptContainer.java:68)                                                                                                                                                      Error	[MsgId: MMSG-17999]
System.err: 	at com.hpe.lr.java.replay.ScriptContainer.action(ScriptContainer.java:59)                                                                                                                                                      Error	[MsgId: MMSG-17999]
Error: java.lang.AssertionError: СтрокаFailНе содержит ass expected [true] but found [false]	[MsgId: MERR-17999]
Error: 	at org.testng.Assert.fail(Assert.java:93)
	at org.testng.Assert.failNotEquals(Assert.java:512)
	at org.testng.Assert.assertTrue(Assert.java:41)
	at GetTest.getTest(GetTest.java:21)
	at Actions.action(Actions.java:15)
	at sun.reflect.NativeMethodAccessorImpl.invoke0(Native Method)
	at sun.reflect.NativeMethodAccessorImpl.invoke(NativeMethodAccessorImpl.java:62)
	at sun.reflect.DelegatingMethodAccessorImpl.invoke(DelegatingMethodAccessorImpl.java:43)
	at java.lang.reflect.Method.invoke(Method.java:498)
	at com.hpe.lr.java.replay.ScriptContainer.invoke(ScriptContainer.java:68)
	at com.hpe.lr.java.replay.ScriptContainer.action(ScriptContainer.java:59)
	[MsgId: MERR-17999]
End auto log messages stack.	[MsgId: MMSG-10544]


System.err: 	at java.lang.reflect.Method.invoke(Method.java:498)                                                                                                                                                      Error	[MsgId: MMSG-17999]
System.err: 	at com.hpe.lr.java.replay.ScriptContainer.invoke(ScriptContainer.java:68)                                                                                                                                                      Error	[MsgId: MMSG-17999]
System.err: 	at com.hpe.lr.java.replay.ScriptContainer.action(ScriptContainer.java:59)                                                                                                                                                      Error	[MsgId: MMSG-17999]
Error: java.lang.AssertionError: СтрокаFailНе содержит ass expected [true] but found [false]	[MsgId: MERR-17999]
Error: 	at org.testng.Assert.fail(Assert.java:93)
	at org.testng.Assert.failNotEquals(Assert.java:512)
	at org.testng.Assert.assertTrue(Assert.java:41)
	at GetTest.getTest(GetTest.java:21)
	at Actions.action(Actions.java:15)
	at sun.reflect.NativeMethodAccessorImpl.invoke0(Native Method)
	at sun.reflect.NativeMethodAccessorImpl.invoke(NativeMethodAccessorImpl.java:62)
	at sun.reflect.DelegatingMethodAccessorImpl.invoke(DelegatingMethodAccessorImpl.java:43)
	at java.lang.reflect.Method.invoke(Method.java:498)
	at com.hpe.lr.java.replay.ScriptContainer.invoke(ScriptContainer.java:68)
	at com.hpe.lr.java.replay.ScriptContainer.action(ScriptContainer.java:59)
	[MsgId: MERR-17999]
End auto log messages stack.	[MsgId: MMSG-10544]


